Using pre-set license
Built from '2020.3/staging' branch; Version is '2020.3.4f1 (0abb6314276a) revision 703331'; Using compiler version '192528614'; Build Type 'Release'
OS: 'Windows 10 Home; OS build 19042.985; Version 2009; 64bit' Language: 'en' Physical Memory: 16293 MB
BatchMode: 1, IsHumanControllingUs: 0, StartBugReporterOnCrash: 0, Is64bit: 1, IsPro: 0

 COMMAND LINE ARGUMENTS:
C:\Program Files\Unity\Hub\Editor\2020.3.4f1\Editor\Unity.exe
-adb2
-batchMode
-noUpm
-name
AssetImportWorker0
-projectPath
C:/Users/ORFGOD/Desktop/Tic-Tac-Toe-In-Unity-master
-logFile
Logs/AssetImportWorker0.log
-srvPort
51400
Successfully changed project path to: C:/Users/ORFGOD/Desktop/Tic-Tac-Toe-In-Unity-master
C:/Users/ORFGOD/Desktop/Tic-Tac-Toe-In-Unity-master
Using Asset Import Pipeline V2.
Refreshing native plugins compatible for Editor in 19.69 ms, found 0 plugins.
Preloading 0 native plugins for Editor in 0.00 ms.
Initialize engine version: 2020.3.4f1 (0abb6314276a)
[Subsystems] Discovering subsystems at path C:/Program Files/Unity/Hub/Editor/2020.3.4f1/Editor/Data/Resources/UnitySubsystems
[Subsystems] Discovering subsystems at path C:/Users/ORFGOD/Desktop/Tic-Tac-Toe-In-Unity-master/Assets
GfxDevice: creating device client; threaded=0
Direct3D:
    Version:  Direct3D 11.0 [level 11.1]
    Renderer: NVIDIA GeForce GTX 1660 Ti (ID=0x2182)
    Vendor:   
    VRAM:     5991 MB
    Driver:   27.21.14.5671
Initialize mono
Mono path[0] = 'C:/Program Files/Unity/Hub/Editor/2020.3.4f1/Editor/Data/Managed'
Mono path[1] = 'C:/Program Files/Unity/Hub/Editor/2020.3.4f1/Editor/Data/MonoBleedingEdge/lib/mono/unityjit'
Mono config path = 'C:/Program Files/Unity/Hub/Editor/2020.3.4f1/Editor/Data/MonoBleedingEdge/etc'
Using monoOptions --debugger-agent=transport=dt_socket,embedding=1,server=y,suspend=n,address=127.0.0.1:56740
Begin MonoManager ReloadAssembly
Registering precompiled unity dll's ...
Register platform support module: C:/Program Files/Unity/Hub/Editor/2020.3.4f1/Editor/Data/PlaybackEngines/WindowsStandaloneSupport/UnityEditor.WindowsStandalone.Extensions.dll
Registered in 0.001321 seconds.
Native extension for WindowsStandalone target not found
Refreshing native plugins compatible for Editor in 18.83 ms, found 0 plugins.
Preloading 0 native plugins for Editor in 0.00 ms.
Mono: successfully reloaded assembly
- Completed reload, in  0.785 seconds
Platform modules already initialized, skipping
Registering precompiled user dll's ...
Registered in 0.000498 seconds.
Begin MonoManager ReloadAssembly
Native extension for WindowsStandalone target not found
Refreshing native plugins compatible for Editor in 0.17 ms, found 0 plugins.
Preloading 0 native plugins for Editor in 0.00 ms.
Mono: successfully reloaded assembly
- Completed reload, in  0.638 seconds
Platform modules already initialized, skipping
========================================================================
Worker process is ready to serve import requests
Launched and connected shader compiler UnityShaderCompiler.exe after 0.15 seconds
Refreshing native plugins compatible for Editor in 0.17 ms, found 0 plugins.
Preloading 0 native plugins for Editor in 0.00 ms.
Unloading 1121 Unused Serialized files (Serialized files now loaded: 0)
System memory in use before: 57.1 MB.
System memory in use after: 57.2 MB.

Unloading 9 unused Assets to reduce memory usage. Loaded Objects now: 1564.
Total: 1.348800 ms (FindLiveObjects: 0.121900 ms CreateObjectMapping: 0.041900 ms MarkObjects: 1.140600 ms  DeleteObjects: 0.043300 ms)

========================================================================
Received Import Request.
  path: Assets/Materials/Triangle.mat
  artifactKey: Guid(028ad270fcdbbd848878ddf5ead6c88e) Importer(815301076,1909f56bfc062723c751e8b465ee728b)
Start importing Assets/Materials/Triangle.mat using Guid(028ad270fcdbbd848878ddf5ead6c88e) Importer(815301076,1909f56bfc062723c751e8b465ee728b)  -> (artifact id: '8e4540114be10c3783f46f25883483f8') in 0.079486 seconds
  Import took 0.081255 seconds .

========================================================================
Received Import Request.
  Time since last request: 0.000361 seconds.
  path: Assets/Resources/crossSprite.png
  artifactKey: Guid(2c101ce9d311e9e43a1353da4a095a09) Importer(815301076,1909f56bfc062723c751e8b465ee728b)
Start importing Assets/Resources/crossSprite.png using Guid(2c101ce9d311e9e43a1353da4a095a09) Importer(815301076,1909f56bfc062723c751e8b465ee728b)  -> (artifact id: 'f89c567966ec226bca0c296a99d048d6') in 0.048949 seconds
  Import took 0.050536 seconds .

========================================================================
Received Import Request.
  Time since last request: 0.000241 seconds.
  path: Assets/Resources/emptySprite.png
  artifactKey: Guid(f0852da162f7518448742618a8475418) Importer(815301076,1909f56bfc062723c751e8b465ee728b)
Start importing Assets/Resources/emptySprite.png using Guid(f0852da162f7518448742618a8475418) Importer(815301076,1909f56bfc062723c751e8b465ee728b)  -> (artifact id: '677a7db00f8fc6eb3eb8362a99628929') in 0.011688 seconds
  Import took 0.013183 seconds .

========================================================================
Received Import Request.
  Time since last request: 0.000165 seconds.
  path: Assets/Resources/circleSprite.png
  artifactKey: Guid(e2532bd92e4b4694eadf7a5e7f2f0dff) Importer(815301076,1909f56bfc062723c751e8b465ee728b)
Start importing Assets/Resources/circleSprite.png using Guid(e2532bd92e4b4694eadf7a5e7f2f0dff) Importer(815301076,1909f56bfc062723c751e8b465ee728b)  -> (artifact id: '117bafdab5b43662c520d85b8ad6f21b') in 0.010315 seconds
  Import took 0.011909 seconds .

========================================================================
Received Import Request.
  Time since last request: 0.000230 seconds.
  path: Assets/Materials
  artifactKey: Guid(a9a72e0eb9439724fb06360359116816) Importer(815301076,1909f56bfc062723c751e8b465ee728b)
Start importing Assets/Materials using Guid(a9a72e0eb9439724fb06360359116816) Importer(815301076,1909f56bfc062723c751e8b465ee728b)  -> (artifact id: '0f5b7f7c73ced41456652fb2c72ae252') in 0.004862 seconds
  Import took 0.006587 seconds .

========================================================================
Received Import Request.
  Time since last request: 3.138053 seconds.
  path: Assets/Scripts/StatementsManager.cs
  artifactKey: Guid(afda26428de540440889580312bb1d62) Importer(815301076,1909f56bfc062723c751e8b465ee728b)
Start importing Assets/Scripts/StatementsManager.cs using Guid(afda26428de540440889580312bb1d62) Importer(815301076,1909f56bfc062723c751e8b465ee728b)  -> (artifact id: 'dbe927bc77c76a28cfc830e1e1ef5f90') in 0.009035 seconds
  Import took 0.010569 seconds .

========================================================================
Received Import Request.
  Time since last request: 0.017427 seconds.
  path: Assets/Scripts/StatementsManager.cs
  artifactKey: Guid(afda26428de540440889580312bb1d62) Importer(815301076,1909f56bfc062723c751e8b465ee728b)
Start importing Assets/Scripts/StatementsManager.cs using Guid(afda26428de540440889580312bb1d62) Importer(815301076,1909f56bfc062723c751e8b465ee728b)  -> (artifact id: 'dbe927bc77c76a28cfc830e1e1ef5f90') in 0.001769 seconds
  Import took 0.003858 seconds .

========================================================================
Received Import Request.
  Time since last request: 1.447419 seconds.
  path: Assets/Scripts/AudioMovement.cs
  artifactKey: Guid(29a15c20d7fd40c45a70dbdaa2141346) Importer(815301076,1909f56bfc062723c751e8b465ee728b)
Start importing Assets/Scripts/AudioMovement.cs using Guid(29a15c20d7fd40c45a70dbdaa2141346) Importer(815301076,1909f56bfc062723c751e8b465ee728b)  -> (artifact id: 'f2092f0a767ef39bcd30e1d92700128a') in 0.005847 seconds
  Import took 0.007613 seconds .

========================================================================
Received Import Request.
  Time since last request: 0.001130 seconds.
  path: Assets/Scripts/AudioMovement.cs
  artifactKey: Guid(29a15c20d7fd40c45a70dbdaa2141346) Importer(815301076,1909f56bfc062723c751e8b465ee728b)
Start importing Assets/Scripts/AudioMovement.cs using Guid(29a15c20d7fd40c45a70dbdaa2141346) Importer(815301076,1909f56bfc062723c751e8b465ee728b)  -> (artifact id: 'f2092f0a767ef39bcd30e1d92700128a') in 0.018328 seconds
  Import took 0.019799 seconds .

========================================================================
Received Prepare
Registering precompiled user dll's ...
Registered in 0.000482 seconds.
Begin MonoManager ReloadAssembly
Native extension for WindowsStandalone target not found
Refreshing native plugins compatible for Editor in 0.20 ms, found 0 plugins.
Preloading 0 native plugins for Editor in 0.00 ms.
Mono: successfully reloaded assembly
- Completed reload, in  0.597 seconds
Platform modules already initialized, skipping
Refreshing native plugins compatible for Editor in 0.17 ms, found 0 plugins.
Preloading 0 native plugins for Editor in 0.00 ms.
Unloading 1114 Unused Serialized files (Serialized files now loaded: 0)
System memory in use before: 60.2 MB.
System memory in use after: 60.3 MB.

Unloading 5 unused Assets to reduce memory usage. Loaded Objects now: 1608.
Total: 1.366300 ms (FindLiveObjects: 0.105900 ms CreateObjectMapping: 0.029200 ms MarkObjects: 1.217900 ms  DeleteObjects: 0.012400 ms)

========================================================================
Received Import Request.
  Time since last request: 8.198450 seconds.
  path: Assets/Scripts/AudioVisualizer.cs
  artifactKey: Guid(c3e628e3c987b6e45922e695e8ebe8df) Importer(815301076,1909f56bfc062723c751e8b465ee728b)
Start importing Assets/Scripts/AudioVisualizer.cs using Guid(c3e628e3c987b6e45922e695e8ebe8df) Importer(815301076,1909f56bfc062723c751e8b465ee728b)  -> (artifact id: '5f6007ac6f9bb9ef59603b1b865e9d5f') in 0.005962 seconds
  Import took 0.007487 seconds .

========================================================================
Received Prepare
Registering precompiled user dll's ...
Registered in 0.000464 seconds.
Begin MonoManager ReloadAssembly
Native extension for WindowsStandalone target not found
Refreshing native plugins compatible for Editor in 0.18 ms, found 0 plugins.
Preloading 0 native plugins for Editor in 0.00 ms.
Mono: successfully reloaded assembly
- Completed reload, in  0.600 seconds
Platform modules already initialized, skipping
Refreshing native plugins compatible for Editor in 0.17 ms, found 0 plugins.
Preloading 0 native plugins for Editor in 0.00 ms.
Unloading 1113 Unused Serialized files (Serialized files now loaded: 0)
System memory in use before: 60.2 MB.
System memory in use after: 60.3 MB.

Unloading 5 unused Assets to reduce memory usage. Loaded Objects now: 1610.
Total: 1.327500 ms (FindLiveObjects: 0.116900 ms CreateObjectMapping: 0.028800 ms MarkObjects: 1.170400 ms  DeleteObjects: 0.010500 ms)

========================================================================
Received Import Request.
  Time since last request: 16.174436 seconds.
  path: Assets/Sprites/board 1.png
  artifactKey: Guid(d089c72e1e2ef8e478904a02106f9dc9) Importer(815301076,1909f56bfc062723c751e8b465ee728b)
Start importing Assets/Sprites/board 1.png using Guid(d089c72e1e2ef8e478904a02106f9dc9) Importer(815301076,1909f56bfc062723c751e8b465ee728b)  -> (artifact id: 'fd8fe732994c9919ec07ae72bdf03f64') in 0.072271 seconds
  Import took 0.074159 seconds .

========================================================================
Received Import Request.
  Time since last request: 0.000226 seconds.
  path: Assets/Sprites/triangle.png
  artifactKey: Guid(75c1e771c4249774bade9cbe059fcae4) Importer(815301076,1909f56bfc062723c751e8b465ee728b)
Start importing Assets/Sprites/triangle.png using Guid(75c1e771c4249774bade9cbe059fcae4) Importer(815301076,1909f56bfc062723c751e8b465ee728b)  -> (artifact id: '6e4aa884db86310210a20298f6656b61') in 0.014190 seconds
  Import took 0.015589 seconds .

========================================================================
Received Import Request.
  Time since last request: 0.000233 seconds.
  path: Assets/Sprites/tictactoe logo.png
  artifactKey: Guid(fb47bfe7ad4dbc147b9485967b26010a) Importer(815301076,1909f56bfc062723c751e8b465ee728b)
Start importing Assets/Sprites/tictactoe logo.png using Guid(fb47bfe7ad4dbc147b9485967b26010a) Importer(815301076,1909f56bfc062723c751e8b465ee728b)  -> (artifact id: '579442f45a3d4698b897ad355fc4d683') in 0.032065 seconds
  Import took 0.033457 seconds .

========================================================================
Received Import Request.
  Time since last request: 0.000255 seconds.
  path: Assets/Sprites/field.png
  artifactKey: Guid(ba6b8740be0f53b47a77f138389c36b9) Importer(815301076,1909f56bfc062723c751e8b465ee728b)
Start importing Assets/Sprites/field.png using Guid(ba6b8740be0f53b47a77f138389c36b9) Importer(815301076,1909f56bfc062723c751e8b465ee728b)  -> (artifact id: '55d5cdf0910845d0f59137d90c5eb229') in 0.067270 seconds
  Import took 0.068783 seconds .

========================================================================
Received Import Request.
  Time since last request: 0.000177 seconds.
  path: Assets/Sprites/UITexture.png
  artifactKey: Guid(defc56799783cad4bac6fcbf3027e07e) Importer(815301076,1909f56bfc062723c751e8b465ee728b)
Start importing Assets/Sprites/UITexture.png using Guid(defc56799783cad4bac6fcbf3027e07e) Importer(815301076,1909f56bfc062723c751e8b465ee728b)  -> (artifact id: 'b39d6b75dd6abe69f38cd3472a038b36') in 0.010645 seconds
  Import took 0.012158 seconds .

========================================================================
Received Import Request.
  Time since last request: 0.002851 seconds.
  path: Assets/Sprites/UITexture.png
  artifactKey: Guid(defc56799783cad4bac6fcbf3027e07e) Importer(815301076,1909f56bfc062723c751e8b465ee728b)
Start importing Assets/Sprites/UITexture.png using Guid(defc56799783cad4bac6fcbf3027e07e) Importer(815301076,1909f56bfc062723c751e8b465ee728b)  -> (artifact id: 'b39d6b75dd6abe69f38cd3472a038b36') in 0.011341 seconds
  Import took 0.012906 seconds .

========================================================================
Received Prepare
Registering precompiled user dll's ...
Registered in 0.000488 seconds.
Begin MonoManager ReloadAssembly
Native extension for WindowsStandalone target not found
Refreshing native plugins compatible for Editor in 0.17 ms, found 0 plugins.
Preloading 0 native plugins for Editor in 0.00 ms.
Mono: successfully reloaded assembly
- Completed reload, in  0.591 seconds
Platform modules already initialized, skipping
Refreshing native plugins compatible for Editor in 0.17 ms, found 0 plugins.
Preloading 0 native plugins for Editor in 0.00 ms.
Unloading 1113 Unused Serialized files (Serialized files now loaded: 0)
System memory in use before: 60.2 MB.
System memory in use after: 60.3 MB.

Unloading 4 unused Assets to reduce memory usage. Loaded Objects now: 1620.
Total: 1.408200 ms (FindLiveObjects: 0.106000 ms CreateObjectMapping: 0.031800 ms MarkObjects: 1.260000 ms  DeleteObjects: 0.009700 ms)

========================================================================
Received Prepare
Registering precompiled user dll's ...
Registered in 0.000505 seconds.
Begin MonoManager ReloadAssembly
Native extension for WindowsStandalone target not found
Refreshing native plugins compatible for Editor in 0.18 ms, found 0 plugins.
Preloading 0 native plugins for Editor in 0.00 ms.
Mono: successfully reloaded assembly
- Completed reload, in  0.644 seconds
Platform modules already initialized, skipping
Refreshing native plugins compatible for Editor in 0.17 ms, found 0 plugins.
Preloading 0 native plugins for Editor in 0.00 ms.
Unloading 1113 Unused Serialized files (Serialized files now loaded: 0)
System memory in use before: 60.3 MB.
System memory in use after: 60.4 MB.

Unloading 4 unused Assets to reduce memory usage. Loaded Objects now: 1623.
Total: 1.289000 ms (FindLiveObjects: 0.112700 ms CreateObjectMapping: 0.034100 ms MarkObjects: 1.131900 ms  DeleteObjects: 0.009600 ms)

========================================================================
Received Prepare
Registering precompiled user dll's ...
Registered in 0.000526 seconds.
Begin MonoManager ReloadAssembly
Native extension for WindowsStandalone target not found
Refreshing native plugins compatible for Editor in 0.18 ms, found 0 plugins.
Preloading 0 native plugins for Editor in 0.00 ms.
Mono: successfully reloaded assembly
- Completed reload, in  0.589 seconds
Platform modules already initialized, skipping
Refreshing native plugins compatible for Editor in 0.18 ms, found 0 plugins.
Preloading 0 native plugins for Editor in 0.00 ms.
Unloading 1113 Unused Serialized files (Serialized files now loaded: 0)
System memory in use before: 60.3 MB.
System memory in use after: 60.4 MB.

Unloading 4 unused Assets to reduce memory usage. Loaded Objects now: 1626.
Total: 1.372900 ms (FindLiveObjects: 0.128300 ms CreateObjectMapping: 0.033000 ms MarkObjects: 1.199700 ms  DeleteObjects: 0.011300 ms)

AssetImportWorkerClient::OnTransportError - code=2 error=End of file
